1:
4.9
5.0
3.3
3.3
2:
3.9
4.7
4.8
4.0
3:
4.4
3.3
4.0
3.7
4:
2.5
3.7
3.7
3.7
5:
4.2
4.0
3.9
4.4
6:
2.8
2.0
2.7
4.7
7:
3.3
2.2
1.1
8:
2.7
3.4
3.4
3.5
9:
2.7
3.6
10:
3.1
2.6
11:
2.4
3.5
2.5
2.5
12:
2.0
3.9
2.8
4.1
13:
4.9
5.4
4.4
3.0
14:
3.5
1.9
2.5
3.6
15:
3.5
3.6
3.7
2.3
16:
3.0
5.1
3.7
1.8
17:
2.2
3.9
3.0
3.2
18:
4.2
3.7
3.9
3.6
19:
3.0
3.0
3.0
3.7
20:
3.2
2.8
21:
3.0
3.9
4.0
3.4
22:
3.1
1.0
2.2
2.9
23:
4.3
4.0
4.5
2.4
24:
4.0
2.7
3.0
3.7
25:
5.0
4.1
3.8
4.2
26:
3.0
3.3
2.8
2.7
27:
4.5
1.6
4.1
4.5
28:
3.6
5.0
4.2
3.6
29:
2.1
4.5
3.3
4.0
30:
3.9
3.4
3.2
2.6
31:
1.8
4.7
3.9
32:
4.2
3.9
4.1
5.2
33:
5.2
4.5
3.7
4.4
34:
2.6
3.5
2.6
35:
4.0
2.1
2.9
3.0
36:
3.9
3.9
2.7
2.6
37:
3.4
5.2
4.3
3.8
38:
2.7
0.7
2.4
2.8
39:
2.4
1.6
2.1
1.4
40:
2.9
2.6
2.7
0.7
42:
1.6
3.5
2.0
43:
3.5
44:
4.0
4.5
3.0
4.2
45:
2.6
3.7
2.2
2.8
46:
4.4
4.9
4.1
4.0
47:
2.8
3.6
3.4
3.1
48:
3.7
4.3
3.2
5.2
49:
5.0
3.5
4.1
3.5
50:
2.8
4.1
3.1
2.8
51:
3.6
52:
4.2
4.8
4.9
3.8
53:
4.1
54:
2.7
2.1
2.5
2.4
55:
2.8
2.9
2.6
3.7
56:
3.4
3.0
3.8
3.4
57:
4.2
3.7
4.2
3.2
58:
4.1
3.2
4.6
3.8
59:
3.7
2.9
2.7
3.3
60:
2.7
2.4
3.1
2.9
61:
4.0
62:
3.6
2.3
2.8
3.4
63:
3.1
2.7
3.0
3.6
65:
1.4
2.2
2.0
2.0
66:
2.6
1.8
2.6
1.8
67:
2.3
3.7
68:
3.4
3.6
4.4
4.3
69:
3.0
3.0
3.5
3.8
70:
3.9
4.4
2.7
2.7
71:
3.7
3.7
3.5
5.3
72:
2.3
3.3
4.1
4.2
73:
4.7
3.5
4.2
3.4
74:
2.4
3.4
3.5
3.6
75:
3.4
1.8
2.9
3.4
76:
3.2
3.5
4.8
2.9
77:
2.0
3.6
2.6
1.3
78:
3.0
4.6
4.4
2.8
79:
3.8
3.9
2.9
3.7
80:
3.4
3.7
1.8
2.9
81:
3.1
3.8
2.0
3.8
82:
1.9
3.3
3.1
1.8
83:
3.1
3.9
4.7
4.1
84:
3.0
3.8
4.5
2.8
85:
5.0
3.0
5.0
4.8
86:
1.7
3.4
0.6
2.4
87:
1.9
3.2
88:
5.0
4.2
4.7
4.1
89:
4.1
3.3
3.1
2.8
90:
3.9
3.8
3.3
3.6
91:
4.3
4.2
2.5
5.3
92:
4.9
4.6
4.1
3.4
93:
2.6
2.2
3.4
3.0
94:
3.0
4.0
4.5
3.9
95:
2.8
2.8
1.3
3.0
96:
3.6
3.5
3.6
3.5
97:
3.9
4.8
2.8
4.3
98:
4.3
3.4
3.7
101:
5.0
3.0
4.3
2.1
102:
2.2
2.6
3.5
2.2
103:
4.6
3.9
3.7
4.7
104:
3.5
2.5
4.3
4.4
105:
2.0
3.4
3.9
3.2
106:
4.6
4.0
5.1
3.8
107:
4.2
2.6
4.8
3.3
108:
2.8
2.6
3.2
2.6
109:
2.8
1.9
2.9
4.0
110:
3.0
3.0
3.6
0.7
111:
2.6
3.2
4.0
3.2
112:
2.4
3.1
3.6
2.6
113:
3.5
3.3
3.8
4.6
114:
3.0
4.9
4.0
3.7
115:
2.5
3.8
1.9
2.7
116:
4.7
3.5
3.9
2.5
117:
4.1
3.2
2.9
3.6
118:
4.4
3.0
4.3
1.0
119:
3.1
2.2
2.4
2.4
120:
2.4
2.5
1.4
2.4
121:
4.2
5.0
3.3
3.1
122:
2.6
2.8
2.4
3.8
123:
3.4
2.4
3.4
1.6
125:
3.2
5.0
3.3
3.0
126:
3.5
2.6
3.8
2.5
127:
1.0
3.2
2.8
3.0
128:
3.3
4.6
3.7
3.7
129:
1.9
3.2
2.0
3.5
131:
2.5
2.5
3.6
3.0
132:
3.4
3.8
0.8
2.6
133:
4.1
3.7
4.7
4.5
134:
2.7
135:
4.6
5.3
3.5
5.2
136:
4.4
3.1
137:
1.6
2.2
2.7
2.7
138:
4.1
4.2
4.2
4.8
139:
2.2
3.9
0.8
140:
2.6
2.9
2.4
4.2
141:
3.3
1.8
3.0
3.2
142:
2.7
2.0
2.9
3.5
143:
4.3
4.3
4.0
2.7
144:
3.3
3.8
2.7
3.7
145:
3.7
2.7
3.6
2.8
146:
2.1
2.6
4.0
2.3
147:
2.0
148:
3.0
2.7
3.7
3.3
149:
3.4
3.3
3.9
3.1
150:
2.3
2.3
1.1
151:
2.1
1.3
3.6
2.2
152:
5.1
5.2
2.5
3.7
153:
2.3
1.5
3.8
2.6
154:
2.6
1.2
4.3
3.7
155:
4.0
3.4
5.0
3.8
156:
3.9
2.7
4.0
3.6
157:
2.4
4.6
2.9
4.4
158:
2.7
4.6
2.3
2.8
159:
4.2
4.1
160:
3.1
2.9
3.2
2.4
161:
3.2
4.5
4.0
4.4
162:
3.2
2.5
3.2
2.8
163:
3.5
2.8
5.1
2.7
164:
1.6
1.5
2.9
4.1
165:
4.0
4.8
4.0
4.0
166:
4.1
3.8
1.0
3.5
167:
4.3
3.5
5.0
3.9
168:
3.3
3.8
4.7
3.8
169:
3.4
4.3
4.1
2.7
170:
4.0
4.1
2.1
3.3
171:
4.9
4.8
4.0
5.0
172:
3.6
3.6
3.2
2.2
173:
3.5
4.7
2.9
4.0
174:
3.3
3.3
4.8
5.0
175:
4.7
3.5
4.0
4.8
176:
3.5
3.0
3.4
4.3
177:
3.7
2.3
178:
2.8
3.5
3.0
3.5
179:
2.4
2.1
2.7
3.2
180:
2.6
5.5
1.4
3.8
181:
1.7
2.4
3.3
2.0
182:
3.0
1.9
4.9
2.7
183:
2.8
3.5
3.2
2.7
184:
4.0
2.9
2.4
2.9
185:
1.8
2.8
4.3
4.0
186:
2.6
4.4
1.1
2.6
187:
3.1
2.3
4.0
3.8
188:
2.5
2.9
2.9
2.5
189:
2.3
4.7
3.3
3.0
190:
2.6
191:
4.8
4.1
4.0
2.8
192:
3.3
4.1
4.5
2.8
193:
2.7
1.4
2.8
4.0
194:
2.5
2.6
3.2
5.0
195:
2.9
2.8
4.4
2.9
196:
4.0
3.2
3.0
3.6
197:
2.5
3.2
3.2
4.0
198:
3.4
2.9
3.5
4.0
199:
2.9
4.0
4.1
3.3
200:
2.5
2.6
3.0
3.0
201:
5.0
2.3
2.0
3.4
202:
2.0
3.4
3.1
2.7
203:
3.3
3.8
3.7
3.1
204:
3.1
1.9
3.2
1.6
205:
3.9
1.0
3.9
2.5
206:
4.1
2.8
4.2
3.3
207:
3.2
3.2
3.4
3.0
208:
4.8
3.3
3.3
3.8
209:
4.2
4.3
5.1
5.4
210:
2.7
4.0
4.9
2.8
211:
4.0
4.8
3.9
2.4
212:
3.3
3.4
3.2
3.4
213:
3.3
3.5
4.4
3.1
214:
3.2
3.6
1.4
2.7
215:
3.8
4.3
3.0
4.1
216:
3.3
2.0
2.6
2.8
217:
2.2
3.9
3.4
3.4
219:
3.1
2.2
2.7
220:
2.7
3.6
3.7
5.0
221:
2.9
3.9
3.1
3.1
222:
3.3
223:
4.9
4.3
3.7
3.2
224:
3.0
2.9
2.9
3.4
225:
3.0
3.2
1.7
3.8
226:
2.2
4.0
1.4
227:
4.6
3.1
3.8
3.4
228:
2.6
2.9
229:
4.5
4.7
3.5
4.1
230:
2.7
3.6
3.7
2.7
231:
1.7
4.0
3.3
1.9
232:
2.8
3.5
3.5
4.0
233:
3.9
2.9
4.2
4.3
234:
3.2
235:
2.1
2.4
3.0
3.2
236:
3.5
237:
3.1
4.4
2.6
3.6
238:
4.4
3.8
3.5
3.8
239:
3.2
3.9
5.0
4.0
240:
3.4
3.5
4.3
3.5
241:
4.3
4.0
5.1
4.0
242:
4.7
4.1
4.5
2.8
243:
2.5
2.9
2.2
3.7
244:
3.1
245:
1.0
2.1
246:
3.4
3.7
3.5
3.2
247:
1.9
2.7
3.2
3.9
248:
3.7
4.1
3.8
4.5
249:
4.0
3.3
2.9
2.8
250:
3.5
4.1
3.6
3.1
251:
3.9
4.8
5.0
3.9
252:
3.2
4.1
3.4
2.6
253:
5.4
4.2
4.8
5.1
254:
4.6
1.8
2.3
2.3
255:
4.7
2.0
4.1
3.4
256:
3.6
3.3
4.1
4.4
257:
5.0
3.2
3.4
3.4
258:
3.9
2.4
2.4
4.0
259:
3.6
3.0
3.6
3.4
260:
4.6
5.0
2.5
3.6
261:
3.0
2.4
3.9
3.2
262:
3.7
4.2
2.6
4.9
263:
4.8
5.5
2.9
3.8
264:
3.4
2.8
265:
3.7
2.5
4.4
2.9
266:
3.8
3.3
2.5
2.7
267:
3.7
5.6
4.6
5.0
268:
4.5
4.2
3.7
4.8
269:
4.0
2.9
4.1
3.8
270:
3.4
4.6
4.8
4.6
271:
4.8
1.1
4.5
0.8
272:
3.4
4.1
2.7
3.2
273:
3.1
3.7
2.9
3.6
274:
2.9
3.7
3.0
3.6
275:
4.2
3.4
3.4
4.3
276:
1.7
1.8
277:
2.7
5.0
3.6
3.3
278:
1.9
279:
3.7
3.6
4.5
3.9
280:
3.0
3.6
2.7
3.0
281:
3.6
3.6
3.4
4.3
282:
3.1
4.3
3.9
2.2
283:
4.6
4.1
4.1
4.1
284:
4.3
2.9
1.0
2.8
285:
3.2
3.9
3.6
3.1
286:
2.6
2.0
2.2
2.8
287:
3.3
4.0
3.7
5.0
288:
3.4
4.0
2.0
4.8
289:
3.8
3.6
2.1
2.0
290:
3.0
3.4
3.2
4.1
291:
0.7
292:
4.1
4.0
3.4
4.3
293:
4.2
3.6
4.9
4.4
294:
1.5
2.5
4.7
3.9
295:
4.4
2.0
3.7
3.5
296:
2.5
2.9
2.9
3.3
297:
3.0
4.0
2.7
3.7
298:
3.0
3.3
3.8
3.2
299:
4.5
4.6
4.1
3.2
300:
2.7
301:
3.0
0.9
3.8
2.6
302:
2.8
3.6
2.2
4.0
303:
5.0
3.1
3.6
1.9
304:
3.9
4.4
5.0
3.6
305:
4.3
4.2
4.3
4.4
306:
1.7
2.7
3.2
3.3
307:
4.1
4.3
4.8
3.2
308:
2.0
3.5
309:
3.7
1.6
1.9
3.9
310:
4.0
4.2
2.9
2.7
311:
3.0
3.8
3.6
3.7
312:
3.9
4.5
3.2
3.3
313:
4.0
3.6
3.1
1.6
314:
3.8
3.8
3.7
3.4
315:
4.1
4.9
3.3
4.2
316:
5.2
4.3
4.0
3.8
317:
2.6
1.6
4.0
4.0
319:
3.4
3.4
4.1
1.5
321:
2.6
322:
2.0
1.7
3.1
3.6
323:
3.8
0.8
1.0
3.1
324:
1.4
3.4
4.0
3.6
325:
4.4
4.7
4.2
5.0
326:
4.0
3.0
3.6
3.2
327:
2.7
3.8
3.6
328:
2.5
3.2
1.6
329:
4.8
3.4
4.7
3.2
330:
3.7
3.0
3.8
2.4
331:
3.4
3.5
4.0
3.1
332:
3.0
2.7
1.6
2.7
333:
3.8
3.6
4.5
4.0
334:
3.2
2.4
3.1
2.1
335:
3.0
1.9
336:
2.5
2.5
3.3
4.6
337:
2.3
2.6
3.0
3.0
338:
4.6
4.5
4.4
5.0
339:
4.5
2.9
4.7
3.6
340:
2.7
3.2
2.7
3.3
341:
2.3
3.4
4.4
4.3
342:
1.8
2.4
4.3
3.7
343:
4.8
3.4
3.6
2.0
344:
4.5
4.9
3.4
4.0
345:
4.3
4.4
4.7
4.3
346:
2.7
2.0
3.2
1.1
347:
2.9
2.3
1.6
348:
3.2
3.3
4.3
3.7
349:
3.5
4.1
2.5
350:
3.9
4.0
4.1
4.9
351:
2.8
3.2
3.0
3.3
352:
2.1
353:
2.7
4.0
3.5
3.8
354:
1.0
3.9
3.0
2.2
355:
1.9
2.9
356:
3.1
3.3
3.1
4.5
357:
3.8
4.0
3.6
3.8
358:
3.8
2.8
3.4
4.4
359:
4.7
4.9
4.1
5.0
360:
1.5
1.9
2.8
4.3
361:
5.0
3.5
4.1
3.7
362:
3.2
3.0
3.1
1.0
363:
3.6
3.1
2.7
3.5
364:
3.2
3.2
3.0
2.9
365:
3.2
3.8
366:
2.8
2.6
4.2
2.5
367:
3.8
3.0
3.2
3.7
368:
4.3
3.3
4.6
3.3
369:
3.0
3.1
3.5
2.6
370:
1.7
4.2
2.1
3.4
371:
4.0
4.8
3.8
4.4
372:
1.7
2.7
3.1
1.6
373:
2.4
2.9
374:
2.3
2.9
4.2
4.2
375:
4.6
4.1
2.3
3.5
376:
3.5
3.8
3.6
4.7
377:
1.9
378:
3.5
4.6
2.2
3.1
379:
2.4
3.2
1.8
2.7
380:
3.2
4.1
3.6
2.4
381:
3.0
1.6
2.9
3.2
382:
2.9
2.9
3.1
3.7
383:
3.2
1.0
2.9
2.2
384:
5.1
3.3
5.2
3.5
385:
3.1
4.2
3.1
3.6
386:
4.0
2.1
2.7
3.1
387:
3.1
3.8
3.3
3.9
388:
3.3
2.1
2.1
1.3
389:
3.7
4.3
2.4
2.7
390:
2.7
2.5
3.1
2.8
391:
3.4
3.2
4.1
4.1
392:
3.9
4.8
3.9
2.7
393:
5.0
3.9
2.9
2.9
394:
4.7
4.2
3.8
2.9
395:
4.2
4.6
3.3
4.0
396:
5.1
3.9
3.1
3.1
397:
3.4
3.0
4.2
3.5
398:
3.0
3.4
3.4
2.6
400:
5.2
4.9
4.6
3.6
401:
4.6
4.2
4.6
3.5
402:
3.0
3.3
2.3
3.3
418:
2.9
1.0
3.2
2.9
419:
3.8
4.4
4.8
3.2
420:
4.0
2.9
3.8
4.4
421:
4.5
4.4
3.7
4.3
422:
2.7
4.1
4.4
2.8
423:
4.4
4.0
424:
2.4
3.5
3.8
4.5
425:
4.9
4.9
3.8
2.1
426:
4.0
3.8
3.3
3.4
427:
3.2
3.2
2.9
2.0
428:
2.6
0.7
3.5
3.4
429:
4.2
4.2
4.6
3.7
430:
5.2
2.6
4.2
5.2
431:
3.6
4.3
3.4
3.9
432:
3.5
3.6
3.9
4.0
433:
2.7
4.4
3.6
3.9
434:
2.3
3.4
3.9
3.3
435:
3.0
436:
4.7
4.5
3.3
4.8
437:
3.4
4.6
4.7
2.8
438:
4.8
4.4
3.2
3.3
439:
3.7
4.3
4.0
3.5
440:
3.0
2.8
3.4
4.1
503:
2.7
3.7
3.8
2.7
504:
3.6
3.4
4.9
4.1
17769:
3.3
2.7
2.5
1.0
17770:
1.7
2.3
2.4
3.2
0.99
