482:
2.0087328089348886
3.5525253488908017
4.000445136627495
3.5057574887250063
483:
4.343446862603746
3.9709986635514136
3.803270833841693
4.18673544612191
484:
2.8121380516035686
4.87317689321176
3.142111829510039
4.294762675492892
485:
3.4323585647318575
2.591726596265038
4.819546519883095
4.156918051388961
486:
4.297250948387562
3.8143112907821113
2.819410373330869
4.551867048791015
487:
4.840215897928068
5.295205227439181
3.7530121010718105
4.503639454889443
488:
2.8590839688037297
2.1734385409266253
4.583961757763083
3.593623732341418
489:
2.4768578557292287
4.563096091285498
3.435329978430774
3.2865132170660605
490:
3.4827101334430095
2.6230012102723994
3.136408262265483
3.551310826269737
491:
2.866540687628998
2.784120858384999
3.1568665967719802
3.243407586263827
492:
2.3965461482254864
3.1815828974158773
3.881290170455662
2.884181324811315
494:
3.83618501801455
4.450656754556091
4.443724815272123
4.2369429249119905
495:
3.6486429408266536
3.4687580830496683
3.7508754553730963
2.3514042595334517
496:
5.028722713382777
3.729038453658873
3.7022681101081143
3.806543867502628
497:
3.0153440823656257
3.5751224566933852
3.043918385970152
3.999739130434783
498:
3.7118694620223445
3.9584926071262125
4.787727604735851
4.844773050118457
499:
3.3572280615985695
2.0971029185639223
4.737912950146838
3.1843431006274763
500:
3.8613281322398523
3.906228483981594
4.106138366537218
3.4909333815892047
501:
3.6597719190811913
3.852308506955658
3.3402705855843777
3.5826133001853253
502:
2.992028766273897
2.582412578892349
3.9979727549956414
2.8116288124988404
503:
2.672105061897396
3.677947367676078
3.802653383943872
2.726520647032977
504:
3.6115836908136933
3.3743261336237254
4.855545785297673
4.11885045845543
505:
3.0007782672520316
4.00021052631579
3.4982293964100375
3.8440556415010803
506:
2.3873515175676885
4.784836541991922
507:
4.842455768990687
3.2337066361496647
3.965546333799386
3.514368506312748
508:
2.2731387688392797
509:
2.0706954807629447
2.9229002071059056
2.1098992860199854
1.563542234444637
510:
4.335934696370291
3.1627146336075636
4.879948969559582
3.8406134659942754
511:
3.000416812609457
2.2328009669799105
3.0242159524351027
3.0046403947920135
512:
1.5638166981909731
4.073407389931544
513:
0.4940611277159357
1.353736581625126
2.0647168071151007
2.0843552101468994
514:
4.307307663993799
4.999771626297578
5.040583598599585
5.02550879753304
515:
1.7969032392139348
0.8059456325916592
1.7033007600129368
1.8538542052117357
516:
3.471346929894708
3.9403214200519727
4.06728933932774
4.403096640336023
517:
3.1516720208387117
3.24353404831788
4.621038163980496
5.059463796496235
518:
3.826532147747634
3.2137308699784963
3.321389045511773
3.4922523331573547
519:
5.041871485236692
3.7695562286225215
3.8569378436802095
3.4958874735608907
520:
3.0989897981872954
4.308032364396095
4.742723697696217
3.494570115757941
521:
3.8604565156541897
3.6972794853076345
522:
4.74622794261653
1.8283528933771729
3.378312787010718
3.772733474968031
523:
3.918806560111026
2.513412976377875
2.898643537761778
2.0729788456256424
524:
2.7783957134575603
2.9004968797875916
3.6656125213539443
2.9181148002895787
525:
2.1675959114232937
1.2953157279105456
1.3341193787783672
526:
3.045396150277043
3.2355349709815546
2.373486407382685
3.4592269291748847
527:
1.1683408074152464
2.2223187953067516
1.3457361549718074
528:
2.90922539072477
3.6239931945694814
2.9306378613469106
4.24441386777158
529:
2.8835265222653477
3.681768961897054
3.0808867224482834
3.3610199874759936
530:
4.237838709185164
3.107270385158224
531:
2.8250740090854474
4.2532350264321535
1.6891154997110351
3.2908680810628073
532:
3.3723873986822923
4.759944996423744
3.481168645153156
3.3258758679906175
533:
3.6369142477547562
1.8610555091061907
3.6373540718412545
3.6651446330411552
534:
3.982672090054167
3.6448017516232443
2.378735202291657
2.015913097659374
535:
4.320248531834082
3.3525762366609286
3.57192409556225
1.8437676782525605
536:
1.5606941235989658
2.0700773611354477
2.181979367087197
4.103373948781299
537:
4.5834795312647785
3.4920149744760147
3.260413199039652
538:
2.755767098624094
2.8063663884167496
1.8334100046611903
3.000376237623762
539:
4.482447727475407
3.5321801180713845
3.9412377229467013
2.7979686370593955
540:
1.8390123581963995
3.949181807604313
3.0385344422016747
2.756486034706434
542:
1.7586558216912613
2.3738778035907924
543:
2.9881192858359538
3.2221335652016294
5.124862443281548
2.5611806940793733
544:
3.877940196646773
3.794236013146886
3.5640461740837046
545:
3.0408448186054513
3.049014874850642
3.235389705796549
3.5930848048061836
546:
3.9783904173767954
3.328016663374906
2.4016431985200306
2.6867263349849457
547:
3.794365890189951
3.698792120929519
3.6569397321744934
4.199007317219576
548:
3.573297654340994
3.245779214347792
2.734955093700929
3.8155824871494697
549:
4.255479234993514
550:
2.856070226900979
4.4421178222189495
4.272396241075839
3.5533321979842865
551:
4.439704736620616
2.2831344738066557
3.9170691486615428
4.424129450270943
552:
3.168576999022384
3.6726020405418853
3.4480757216142224
2.5265472366556443
553:
1.5167203994777314
2.8654563236842394
3.773316090334354
4.9997078464106846
554:
2.546361624018334
4.204048337260555
3.758538908390964
4.385787762489593
555:
4.326559768153668
2.5226998972250776
4.156616017070141
5.031591023434397
556:
4.999745627980922
3.171075887433002
3.444933816304652
3.649609473841094
557:
3.109132749700252
2.7243439940835104
1.736603592875793
2.820113805080394
558:
3.257345173697156
4.028528736460555
3.736967911020766
4.21859711610553
559:
1.0001739130434784
560:
2.8778503760603105
3.254821251442359
3.0003235638921453
4.209141009311012
561:
3.558944319460067
3.714103862288476
4.53642124032734
4.9572479864238135
562:
1.4014982800084597
3.584116199365173
2.705676587048792
1.777311513063451
563:
3.553841828898842
3.7549321695861746
4.347716996207021
3.887045835940095
564:
3.7629185407499683
4.257390602012357
4.000249422632795
2.649692029673374
565:
2.027104889528332
3.0
1.1053921568627452
2.4387198979849467
566:
3.9344451712318267
3.114972278511554
3.8215596879010088
3.452727268316493
567:
3.238899409802835
3.0921813860376908
3.392421605320104
0.9613090736367842
568:
4.043039038590874
3.894298935587545
3.421172965709947
569:
3.555355168971213
3.9193152226092645
3.8757181238273537
4.25784332437903
570:
2.950652400505178
2.7297041075972373
3.3755579627171954
1.8505570360511885
571:
4.334496069401389
2.9393320832524505
2.9049952544983704
4.468004346141825
572:
3.874049806512381
3.000357142857143
3.011346215296728
573:
3.5986987598125593
2.502256704454997
2.742598727659265
2.8789222668115864
574:
2.765624491559543
2.6669890758086616
1.4213547758284601
1.524442210752995
575:
3.878925320015934
4.494577401920174
4.231344144614317
3.5215863729905483
576:
4.191677681909984
0.9997418856259661
4.501944917414987
3.795613113254998
577:
3.843572016560806
3.8468029077081995
3.6220415292646253
4.621494499744369
578:
3.0000170940170943
579:
4.96593385078749
3.2148883832672017
4.199859318591711
2.8368884886178276
580:
2.444067775458931
3.4700646313390027
2.7422611145785702
2.9544514589501767
581:
3.4826283361522865
2.6608064429476057
3.4662300654997895
4.226829856926231
582:
3.448246825505608
4.150256039332676
2.9317531702124695
3.966535798879178
583:
3.4516914789168944
3.7310789091017007
4.999774193548387
2.6738364393698526
584:
3.3055798063391735
3.435476255179105
2.741296092908865
2.7712138919431606
585:
3.247367796067052
3.759939524868883
4.182990370662363
4.407089742919942
586:
3.4542321944829864
2.449974963300522
2.946990459700116
3.328301317390583
587:
4.619720092256306
5.243811740156051
5.000060606060606
3.896121254610038
588:
3.44673456740797
2.9998753044325377
3.3040694081916753
4.765411681924861
589:
1.048598071790827
3.269986583232082
2.0769178467769014
2.2489362126596575
590:
3.3846524546098182
4.131305623691144
4.876870043371144
591:
3.261966502988425
4.335610655057074
2.1334482795321925
2.3999179056185755
592:
2.189909384921592
2.162726773227916
1.9151914020057494
1.6762941224083168
593:
2.800410932009941
2.2940224161303755
1.9416976862523239
2.5193760158713907
594:
2.162038095584907
2.9997755102040817
2.9803862414285103
4.394103937307544
595:
4.619851231015341
4.954340000049462
4.437052267288681
4.8053766230357855
596:
3.9725430674497875
2.4867077183081916
3.696909443850593
4.570604703508597
597:
1.4838363430535029
3.708819478955439
3.8962226292822004
2.5934950883845356
598:
3.4986461632118058
3.030523729962002
2.7669693904168327
2.8963149876698204
599:
3.3160143657667613
4.861134217539211
4.022715336335823
3.7405331813707683
600:
2.016613846326756
4.207340637274483
3.313995385255074
2.999848797250859
601:
3.9998029556650243
3.560095059159516
4.387054558499686
3.9176112246782955
602:
2.337183540794279
2.837683510461891
3.481014766781227
0.8064295295907478
603:
3.9999401496259352
1.196106838658452
2.347513304829281
3.6958799917499077
604:
2.8953611736447296
2.893155941083686
4.660226941673207
3.6852967046736
605:
3.7298835207920313
1.648783472109272
3.4308703784315613
2.4997622635735164
606:
3.759882531838298
3.5538493926155676
2.275250842363617
3.2702095383935204
607:
4.085542537386468
3.7805727798974678
1.6580850074294504
3.7120420699225227
608:
1.5800333638852893
609:
3.6638788836142115
3.514771639496828
4.347482852566033
3.2017992521290983
610:
4.999769230769231
611:
1.3257924028691979
2.7276667111350594
1.2898448817004406
2.254349253465253
612:
3.257773952916327
3.5326169283187427
3.2009128098942163
3.4827535360729085
613:
5.000034482758621
4.202754925114331
1.630162225059421
4.50445395024007
614:
2.6980734936610404
2.9953090531839845
3.5068761149913117
3.930353392744949
615:
3.419507059055556
2.7520038115324716
1.8943371195408747
4.254400389686215
616:
3.605951850864379
2.906962733157099
3.7324287261919267
4.20199782699321
617:
3.5134273906151225
4.653849133536495
1.084675572036034
3.9836599015936747
618:
2.2524247376707933
2.5908263707367913
4.99981163434903
2.308131015825341
619:
3.9074849031008254
5.053850435661455
3.674749802940047
3.340875353923888
620:
4.032856912743247
3.5014180297386264
4.2799046859136745
3.970884731590467
621:
1.951515544687361
3.3986419339994787
4.6921368866857485
3.480493715776243
622:
2.5846028512634707
2.750382518264814
3.373706192106545
2.8117301843307434
623:
3.1504618493747323
4.072580543019855
2.6423759786886154
2.848028049546191
624:
2.960962804399233
3.4031421123531667
3.525632618455625
3.7053137511764302
625:
1.9965863448839443
1.873764434426503
1.6125656657383485
1.8368465304956916
626:
3.8099139246837193
3.2470229383155567
3.93834720953393
1.7257819386735498
627:
2.0248522660215977
3.477963393499274
3.1985113579418734
628:
4.093940924607652
3.9383046066932077
3.084801138095234
3.196967900805361
629:
3.5322264530218983
2.7669880040958277
4.3370340283317566
4.195070878659921
630:
2.5981242131870217
1.6668508898741217
4.676755913649593
631:
3.535494700927303
2.0354446564445903
3.4107185024810334
4.491292738862845
632:
2.5516423634783822
3.340585211186662
3.7111357961063844
3.960648902673258
633:
3.493113507364355
3.715034041910214
3.496945692848138
1.9472180519052276
634:
4.317630699261914
5.6544914397918395
4.87715050355374
3.3644888580807444
635:
1.3999191626342005
3.619034374726094
3.714884781833851
1.6887535260112156
636:
2.562493680446779
3.336666372634199
4.044940208758596
3.0031877794868143
637:
2.9430724604266363
3.12102568385205
4.000436781609196
5.090595274645253
638:
3.486058773335823
3.0534158653066217
3.9710603184048834
4.215740856453906
639:
2.993211108034065
640:
2.566968024140823
4.666187490633474
3.174834153296206
3.7811825129292496
641:
3.681591534612177
3.8082314071382255
3.3747899603151628
4.049357582666687
642:
3.424172689354451
3.3217580769264132
3.298367013958741
2.916164200422708
643:
3.1939950261102164
4.000268292682927
3.2099156326465494
3.2272221668344523
644:
2.8542899320380037
2.4824337246570174
4.809385894867583
2.6357829410255804
645:
3.870608880277752
3.965092777671068
3.977906064163666
4.009626730873182
646:
3.5960151319340743
4.578037668128765
3.4850741144689357
4.098250691281827
647:
3.991847253701998
2.7217895787365416
3.0787544139701994
4.4274815786124995
648:
3.853786722738371
3.782749545518838
2.806577689588689
4.11336451261619
650:
1.9300773611354476
2.7076936860570036
3.6524492966051767
2.656112134409518
651:
0.7016481802426342
652:
3.5956435699626312
4.173202432464278
2.814904183637149
3.2898963236859022
653:
2.2519073595539796
0.999705882352941
654:
3.095823990250223
655:
3.0004836006203393
3.1776310590230574
3.529260108193436
4.554289777927702
656:
3.270626200355214
1.7924733334857628
2.1004941843079687
2.6470687964703927
657:
4.556132109769442
2.567885516175002
3.656381579460429
3.6348165505284684
658:
2.0798155429797847
2.435162341630143
2.7425649103734875
3.0000825663053114
659:
2.884334901484795
2.3516630681734965
3.1908360302861896
2.441139174953978
660:
5.074355131623204
3.5829853153284725
3.2226601922999714
5.0001527811162925
661:
3.3649763595448983
3.2541137620083136
2.96284101683897
3.885832975677591
662:
2.5023233520639243
4.06014946416686
3.6025019557133526
4.087860229744577
663:
3.80978437587354
5.146204385554606
4.4821983865081805
4.316217620959371
664:
3.115360366733076
1.919685301355702
3.3063234662897485
3.1568708455256735
665:
3.868661378535419
3.0484664718760475
2.8787205737801713
2.3900244817989
666:
3.0189587721227724
3.7133168671607075
3.1724715702703503
667:
4.996592640784435
4.64177225606093
4.311174911412248
3.983396342088015
668:
3.0293356765950175
3.9999641734758016
3.5121022121521337
4.298365325842589
669:
3.9475148647622027
670:
3.9995115633672524
3.4064232335878275
4.289734640202074
3.5479943420365867
671:
3.0776478094051396
3.5479379418494075
2.3812070210667793
4.414291838116796
672:
3.1188758679906177
3.5240312235706157
4.055143977918288
2.957564658781474
673:
5.000183183183184
1.0001831831831836
4.195604016048627
1.0001831831831836
674:
3.792154568201447
3.386752862533508
4.081491163647681
4.518509752391073
675:
4.015341563688736
3.229424355267868
4.491779165035798
2.7367597201805776
676:
4.6492445122779955
4.29766889392015
2.7719741574671457
3.294130151063891
677:
3.352211775584733
3.521781227042369
2.0568588162135337
4.074705574513846
678:
2.721902754384973
3.736236602933967
3.630259244131669
4.132984039061143
679:
2.8836015192428377
3.2839342102789004
680:
3.0389258760938436
3.161301980711378
2.4664611621457633
3.2972410500088087
681:
4.3109455239425305
4.073360893431006
4.353983936740726
3.5565384984062596
682:
4.087180162778206
3.9239666034433003
3.3601402155753055
3.4802466851957465
683:
3.5945687814009926
2.953742778237342
3.1407146792075404
684:
4.149770969437358
3.903193986960259
3.2396142052300503
3.516528079799763
685:
2.966012258585372
4.088707275245642
3.588486551998739
3.877415760625222
686:
3.658195630739453
4.853756499781484
2.7653948201331735
2.9245496828201687
687:
3.2390990514588487
2.580232840481697
1.0004060150375937
3.242540799539542
688:
2.6896018774969264
0.99
